<html>
<head>
<title>TestNG:  Accounts Page Test</title>
<link href="../testng.css" rel="stylesheet" type="text/css" />
<link href="../my-testng.css" rel="stylesheet" type="text/css" />

<style type="text/css">
.log { display: none;} 
.stack-trace { display: none;} 
</style>
<script type="text/javascript">
<!--
function flip(e) {
  current = e.style.display;
  if (current == 'block') {
    e.style.display = 'none';
    return 0;
  }
  else {
    e.style.display = 'block';
    return 1;
  }
}

function toggleBox(szDivId, elem, msg1, msg2)
{
  var res = -1;  if (document.getElementById) {
    res = flip(document.getElementById(szDivId));
  }
  else if (document.all) {
    // this is the way old msie versions work
    res = flip(document.all[szDivId]);
  }
  if(elem) {
    if(res == 0) elem.innerHTML = msg1; else elem.innerHTML = msg2;
  }

}

function toggleAllBoxes() {
  if (document.getElementsByTagName) {
    d = document.getElementsByTagName('div');
    for (i = 0; i < d.length; i++) {
      if (d[i].className == 'log') {
        flip(d[i]);
      }
    }
  }
}

// -->
</script>

</head>
<body>
<h2 align='center'>Accounts Page Test</h2><table border='1' align="center">
<tr>
<td>Tests passed/Failed/Skipped:</td><td>6/0/0</td>
</tr><tr>
<td>Started on:</td><td>Thu Jul 24 14:06:53 IST 2025</td>
</tr>
<tr><td>Total time:</td><td>16 seconds (16413 ms)</td>
</tr><tr>
<td>Included groups:</td><td></td>
</tr><tr>
<td>Excluded groups:</td><td></td>
</tr>
</table><p/>
<small><i>(Hover the method name to see the test class name)</i></small><p/>
<table width='100%' border='1' class='invocation-failed'>
<tr><td colspan='4' align='center'><b>FAILED TESTS</b></td></tr>
<tr><td><b>Test method</b></td>
<td width="30%"><b>Exception</b></td>
<td width="10%"><b>Time (seconds)</b></td>
<td><b>Instance</b></td>
</tr>
<tr>
<td title='com.qa.crm2.tests.AddToCartPageTest.addToCartPageTitleTest()'><b>addToCartPageTitleTest</b><br>Test class: com.qa.crm2.tests.AddToCartPageTest</td>
<td><div><pre>org.openqa.selenium.TimeoutException: Expected condition failed: waiting for visibility of element located by By.xpath: //a[text()=&apos;shopping cart&apos;] (tried for 5 second(s) with 500 milliseconds interval)
Build info: version: &apos;4.19.0&apos;, revision: &apos;5f9cec8963&apos;
System info: os.name: &apos;Mac OS X&apos;, os.arch: &apos;x86_64&apos;, os.version: &apos;15.5&apos;, java.version: &apos;18.0.1.1&apos;
Driver info: org.openqa.selenium.firefox.FirefoxDriver
Capabilities {acceptInsecureCerts: true, browserName: firefox, browserVersion: 108.0, moz:accessibilityChecks: false, moz:buildID: 20221208122842, moz:debuggerAddress: 127.0.0.1:12449, moz:geckodriverVersion: 0.33.0, moz:headless: false, moz:platformVersion: 24.5.0, moz:processID: 28091, moz:profile: /var/folders/c6/3l582mb97j5..., moz:shutdownTimeout: 60000, moz:useNonSpecCompliantPointerOrigin: false, moz:webdriverClick: true, moz:windowless: false, pageLoadStrategy: normal, platformName: mac, proxy: Proxy(), se:cdp: ws://127.0.0.1:12449/devtoo..., se:cdpVersion: 85.0, setWindowRect: true, strictFileInteractability: false, timeouts: {implicit: 0, pageLoad: 300000, script: 30000}, unhandledPromptBehavior: dismiss and notify}
Session ID: ebdfb3c6-7355-4114-a2b6-fcde7ec728da
	at org.openqa.selenium.support.ui.WebDriverWait.timeoutException(WebDriverWait.java:84)
	at org.openqa.selenium.support.ui.FluentWait.until(FluentWait.java:228)
	at com.qa.crm2.utils.ElementUtil.waitForElementVisible(ElementUtil.java:401)
	at com.qa.crm2.pages.ProductInfoPage.addToCart(ProductInfoPage.java:93)
	at com.qa.crm2.tests.AddToCartPageTest.addToCartPageTitleTest(AddToCartPageTest.java:21)
	at java.base/java.util.ArrayList.forEach(ArrayList.java:1511)
	at java.base/java.util.concurrent.FutureTask.run(FutureTask.java:264)
	at java.base/java.util.concurrent.ThreadPoolExecutor.runWorker(ThreadPoolExecutor.java:1136)
	at java.base/java.util.concurrent.ThreadPoolExecutor$Worker.run(ThreadPoolExecutor.java:635)
	at java.base/java.lang.Thread.run(Thread.java:833)
... Removed 16 stack frames</pre></div><a href='#' onClick='toggleBox("stack-trace1969369849", this, "Click to show all stack frames", "Click to hide stack frames")'>Click to show all stack frames</a>
<div class='stack-trace' id='stack-trace1969369849'><pre>org.openqa.selenium.TimeoutException: Expected condition failed: waiting for visibility of element located by By.xpath: //a[text()=&apos;shopping cart&apos;] (tried for 5 second(s) with 500 milliseconds interval)
Build info: version: &apos;4.19.0&apos;, revision: &apos;5f9cec8963&apos;
System info: os.name: &apos;Mac OS X&apos;, os.arch: &apos;x86_64&apos;, os.version: &apos;15.5&apos;, java.version: &apos;18.0.1.1&apos;
Driver info: org.openqa.selenium.firefox.FirefoxDriver
Capabilities {acceptInsecureCerts: true, browserName: firefox, browserVersion: 108.0, moz:accessibilityChecks: false, moz:buildID: 20221208122842, moz:debuggerAddress: 127.0.0.1:12449, moz:geckodriverVersion: 0.33.0, moz:headless: false, moz:platformVersion: 24.5.0, moz:processID: 28091, moz:profile: /var/folders/c6/3l582mb97j5..., moz:shutdownTimeout: 60000, moz:useNonSpecCompliantPointerOrigin: false, moz:webdriverClick: true, moz:windowless: false, pageLoadStrategy: normal, platformName: mac, proxy: Proxy(), se:cdp: ws://127.0.0.1:12449/devtoo..., se:cdpVersion: 85.0, setWindowRect: true, strictFileInteractability: false, timeouts: {implicit: 0, pageLoad: 300000, script: 30000}, unhandledPromptBehavior: dismiss and notify}
Session ID: ebdfb3c6-7355-4114-a2b6-fcde7ec728da
	at org.openqa.selenium.support.ui.WebDriverWait.timeoutException(WebDriverWait.java:84)
	at org.openqa.selenium.support.ui.FluentWait.until(FluentWait.java:228)
	at com.qa.crm2.utils.ElementUtil.waitForElementVisible(ElementUtil.java:401)
	at com.qa.crm2.pages.ProductInfoPage.addToCart(ProductInfoPage.java:93)
	at com.qa.crm2.tests.AddToCartPageTest.addToCartPageTitleTest(AddToCartPageTest.java:21)
	at java.base/jdk.internal.reflect.DirectMethodHandleAccessor.invoke(DirectMethodHandleAccessor.java:104)
	at java.base/java.lang.reflect.Method.invoke(Method.java:577)
	at org.testng.internal.MethodInvocationHelper.invokeMethod(MethodInvocationHelper.java:133)
	at org.testng.internal.TestInvoker.invokeMethod(TestInvoker.java:584)
	at org.testng.internal.TestInvoker.invokeTestMethod(TestInvoker.java:172)
	at org.testng.internal.MethodRunner.runInSequence(MethodRunner.java:46)
	at org.testng.internal.TestInvoker$MethodInvocationAgent.invoke(TestInvoker.java:804)
	at org.testng.internal.TestInvoker.invokeTestMethods(TestInvoker.java:145)
	at org.testng.internal.TestMethodWorker.invokeTestMethods(TestMethodWorker.java:146)
	at org.testng.internal.TestMethodWorker.run(TestMethodWorker.java:128)
	at java.base/java.util.ArrayList.forEach(ArrayList.java:1511)
	at org.testng.TestRunner.privateRun(TestRunner.java:770)
	at org.testng.TestRunner.run(TestRunner.java:591)
	at org.testng.SuiteRunner.runTest(SuiteRunner.java:402)
	at org.testng.SuiteRunner.access$000(SuiteRunner.java:41)
	at org.testng.SuiteRunner$SuiteWorker.run(SuiteRunner.java:443)
	at org.testng.internal.thread.ThreadUtil.lambda$execute$0(ThreadUtil.java:67)
	at java.base/java.util.concurrent.FutureTask.run(FutureTask.java:264)
	at java.base/java.util.concurrent.ThreadPoolExecutor.runWorker(ThreadPoolExecutor.java:1136)
	at java.base/java.util.concurrent.ThreadPoolExecutor$Worker.run(ThreadPoolExecutor.java:635)
	at java.base/java.lang.Thread.run(Thread.java:833)
</pre></div></td>
<td>11</td>
<td>com.qa.crm2.tests.AddToCartPageTest@7de4a01f</td></tr>
</table><p>
<table width='100%' border='1' class='invocation-passed'>
<tr><td colspan='4' align='center'><b>PASSED TESTS</b></td></tr>
<tr><td><b>Test method</b></td>
<td width="30%"><b>Exception</b></td>
<td width="10%"><b>Time (seconds)</b></td>
<td><b>Instance</b></td>
</tr>
<tr>
<td title='com.qa.crm2.tests.AccountsPageTest.accPageHeadersTest()'><b>accPageHeadersTest</b><br>Test class: com.qa.crm2.tests.AccountsPageTest</td>
<td></td>
<td>0</td>
<td>com.qa.crm2.tests.AccountsPageTest@d4602a</td></tr>
<tr>
<td title='com.qa.crm2.tests.AccountsPageTest.accPageTitleTest()'><b>accPageTitleTest</b><br>Test class: com.qa.crm2.tests.AccountsPageTest</td>
<td></td>
<td>0</td>
<td>com.qa.crm2.tests.AccountsPageTest@d4602a</td></tr>
<tr>
<td title='com.qa.crm2.tests.AccountsPageTest.accPageURLTest()'><b>accPageURLTest</b><br>Test class: com.qa.crm2.tests.AccountsPageTest</td>
<td></td>
<td>0</td>
<td>com.qa.crm2.tests.AccountsPageTest@d4602a</td></tr>
<tr>
<td title='com.qa.crm2.tests.ProductPageInfoTest.addItemTest()'><b>addItemTest</b><br>Test class: com.qa.crm2.tests.ProductPageInfoTest</td>
<td></td>
<td>11</td>
<td>com.qa.crm2.tests.ProductPageInfoTest@5bdaf2ce</td></tr>
<tr>
<td title='com.qa.crm2.tests.LoginPageTest.forgotPwdLinkExistTest()'><b>forgotPwdLinkExistTest</b><br>Test class: com.qa.crm2.tests.LoginPageTest</td>
<td></td>
<td>0</td>
<td>com.qa.crm2.tests.LoginPageTest@30cdae70</td></tr>
<tr>
<td title='com.qa.crm2.tests.LoginPageTest.forgotPwdLinkExistTest()'><b>forgotPwdLinkExistTest</b><br>Test class: com.qa.crm2.tests.LoginPageTest</td>
<td></td>
<td>1</td>
<td>com.qa.crm2.tests.LoginPageTest@456abb66</td></tr>
<tr>
<td title='com.qa.crm2.tests.AccountsPageTest.isLogoutLinkExistTest()'><b>isLogoutLinkExistTest</b><br>Test class: com.qa.crm2.tests.AccountsPageTest</td>
<td></td>
<td>0</td>
<td>com.qa.crm2.tests.AccountsPageTest@d4602a</td></tr>
<tr>
<td title='com.qa.crm2.tests.AccountsPageTest.isMyAccountLinkExistTest()'><b>isMyAccountLinkExistTest</b><br>Test class: com.qa.crm2.tests.AccountsPageTest</td>
<td></td>
<td>0</td>
<td>com.qa.crm2.tests.AccountsPageTest@d4602a</td></tr>
<tr>
<td title='com.qa.crm2.tests.LoginPageTest.loginPageTitleTest()'><b>loginPageTitleTest</b><br>Test class: com.qa.crm2.tests.LoginPageTest</td>
<td></td>
<td>0</td>
<td>com.qa.crm2.tests.LoginPageTest@30cdae70</td></tr>
<tr>
<td title='com.qa.crm2.tests.LoginPageTest.loginPageTitleTest()'><b>loginPageTitleTest</b><br>Test class: com.qa.crm2.tests.LoginPageTest</td>
<td></td>
<td>0</td>
<td>com.qa.crm2.tests.LoginPageTest@456abb66</td></tr>
<tr>
<td title='com.qa.crm2.tests.LoginPageTest.loginPageUrlTest()'><b>loginPageUrlTest</b><br>Test class: com.qa.crm2.tests.LoginPageTest</td>
<td></td>
<td>0</td>
<td>com.qa.crm2.tests.LoginPageTest@30cdae70</td></tr>
<tr>
<td title='com.qa.crm2.tests.LoginPageTest.loginPageUrlTest()'><b>loginPageUrlTest</b><br>Test class: com.qa.crm2.tests.LoginPageTest</td>
<td></td>
<td>0</td>
<td>com.qa.crm2.tests.LoginPageTest@456abb66</td></tr>
<tr>
<td title='com.qa.crm2.tests.LoginPageTest.loginTest()'><b>loginTest</b><br>Test class: com.qa.crm2.tests.LoginPageTest</td>
<td></td>
<td>2</td>
<td>com.qa.crm2.tests.LoginPageTest@30cdae70</td></tr>
<tr>
<td title='com.qa.crm2.tests.LoginPageTest.loginTest()'><b>loginTest</b><br>Test class: com.qa.crm2.tests.LoginPageTest</td>
<td></td>
<td>4</td>
<td>com.qa.crm2.tests.LoginPageTest@456abb66</td></tr>
<tr>
<td title='com.qa.crm2.tests.ProductPageInfoTest.productHeaderTest()'><b>productHeaderTest</b><br>Test class: com.qa.crm2.tests.ProductPageInfoTest<br>Parameters: macbook, MacBook Pro</td>
<td></td>
<td>3</td>
<td>com.qa.crm2.tests.ProductPageInfoTest@5bdaf2ce</td></tr>
<tr>
<td title='com.qa.crm2.tests.ProductPageInfoTest.productHeaderTest()'><b>productHeaderTest</b><br>Test class: com.qa.crm2.tests.ProductPageInfoTest<br>Parameters: imac, iMac</td>
<td></td>
<td>3</td>
<td>com.qa.crm2.tests.ProductPageInfoTest@5bdaf2ce</td></tr>
<tr>
<td title='com.qa.crm2.tests.ProductPageInfoTest.productHeaderTest()'><b>productHeaderTest</b><br>Test class: com.qa.crm2.tests.ProductPageInfoTest<br>Parameters: samsung, Samsung SyncMaster 941BW</td>
<td></td>
<td>3</td>
<td>com.qa.crm2.tests.ProductPageInfoTest@5bdaf2ce</td></tr>
<tr>
<td title='com.qa.crm2.tests.ProductPageInfoTest.productHeaderTest()'><b>productHeaderTest</b><br>Test class: com.qa.crm2.tests.ProductPageInfoTest<br>Parameters: samsung, Samsung Galaxy Tab 10.1</td>
<td></td>
<td>3</td>
<td>com.qa.crm2.tests.ProductPageInfoTest@5bdaf2ce</td></tr>
<tr>
<td title='com.qa.crm2.tests.ProductPageInfoTest.productImagesCountTest()'><b>productImagesCountTest</b><br>Test class: com.qa.crm2.tests.ProductPageInfoTest<br>Parameters: macbook, MacBook Pro, 4</td>
<td></td>
<td>2</td>
<td>com.qa.crm2.tests.ProductPageInfoTest@5bdaf2ce</td></tr>
<tr>
<td title='com.qa.crm2.tests.ProductPageInfoTest.productImagesCountTest()'><b>productImagesCountTest</b><br>Test class: com.qa.crm2.tests.ProductPageInfoTest<br>Parameters: imac, iMac, 3</td>
<td></td>
<td>3</td>
<td>com.qa.crm2.tests.ProductPageInfoTest@5bdaf2ce</td></tr>
<tr>
<td title='com.qa.crm2.tests.ProductPageInfoTest.productImagesCountTest()'><b>productImagesCountTest</b><br>Test class: com.qa.crm2.tests.ProductPageInfoTest<br>Parameters: samsung, Samsung SyncMaster 941BW, 1</td>
<td></td>
<td>4</td>
<td>com.qa.crm2.tests.ProductPageInfoTest@5bdaf2ce</td></tr>
<tr>
<td title='com.qa.crm2.tests.ProductPageInfoTest.productImagesCountTest()'><b>productImagesCountTest</b><br>Test class: com.qa.crm2.tests.ProductPageInfoTest<br>Parameters: samsung, Samsung Galaxy Tab 10.1, 7</td>
<td></td>
<td>5</td>
<td>com.qa.crm2.tests.ProductPageInfoTest@5bdaf2ce</td></tr>
<tr>
<td title='com.qa.crm2.tests.ProductPageInfoTest.productImagesCountTest()'><b>productImagesCountTest</b><br>Test class: com.qa.crm2.tests.ProductPageInfoTest<br>Parameters: macbook, MacBook Pro, 4</td>
<td></td>
<td>3</td>
<td>com.qa.crm2.tests.ProductPageInfoTest@5bdaf2ce</td></tr>
<tr>
<td title='com.qa.crm2.tests.ProductPageInfoTest.productImagesCountTest()'><b>productImagesCountTest</b><br>Test class: com.qa.crm2.tests.ProductPageInfoTest<br>Parameters: imac, iMac, 3</td>
<td></td>
<td>3</td>
<td>com.qa.crm2.tests.ProductPageInfoTest@5bdaf2ce</td></tr>
<tr>
<td title='com.qa.crm2.tests.ProductPageInfoTest.productImagesCountTest()'><b>productImagesCountTest</b><br>Test class: com.qa.crm2.tests.ProductPageInfoTest<br>Parameters: samsung, Samsung SyncMaster 941BW, 1</td>
<td></td>
<td>3</td>
<td>com.qa.crm2.tests.ProductPageInfoTest@5bdaf2ce</td></tr>
<tr>
<td title='com.qa.crm2.tests.ProductPageInfoTest.productImagesCountTest()'><b>productImagesCountTest</b><br>Test class: com.qa.crm2.tests.ProductPageInfoTest<br>Parameters: samsung, Samsung Galaxy Tab 10.1, 7</td>
<td></td>
<td>2</td>
<td>com.qa.crm2.tests.ProductPageInfoTest@5bdaf2ce</td></tr>
<tr>
<td title='com.qa.crm2.tests.ProductPageInfoTest.productImagesCountTest()'><b>productImagesCountTest</b><br>Test class: com.qa.crm2.tests.ProductPageInfoTest<br>Parameters: canon, Canon EOS 5D, 3</td>
<td></td>
<td>4</td>
<td>com.qa.crm2.tests.ProductPageInfoTest@5bdaf2ce</td></tr>
<tr>
<td title='com.qa.crm2.tests.ProductPageInfoTest.productInfoTest()'><b>productInfoTest</b><br>Test class: com.qa.crm2.tests.ProductPageInfoTest</td>
<td></td>
<td>3</td>
<td>com.qa.crm2.tests.ProductPageInfoTest@5bdaf2ce</td></tr>
<tr>
<td title='com.qa.crm2.tests.SearchResultsTest.searchResultsCountTest()'><b>searchResultsCountTest</b><br>Test class: com.qa.crm2.tests.SearchResultsTest<br>Parameters: macbook, 3</td>
<td></td>
<td>2</td>
<td>com.qa.crm2.tests.SearchResultsTest@60e949e1</td></tr>
<tr>
<td title='com.qa.crm2.tests.SearchResultsTest.searchResultsCountTest()'><b>searchResultsCountTest</b><br>Test class: com.qa.crm2.tests.SearchResultsTest<br>Parameters: imac, 1</td>
<td></td>
<td>1</td>
<td>com.qa.crm2.tests.SearchResultsTest@60e949e1</td></tr>
<tr>
<td title='com.qa.crm2.tests.SearchResultsTest.searchResultsCountTest()'><b>searchResultsCountTest</b><br>Test class: com.qa.crm2.tests.SearchResultsTest<br>Parameters: samsung, 2</td>
<td></td>
<td>2</td>
<td>com.qa.crm2.tests.SearchResultsTest@60e949e1</td></tr>
<tr>
<td title='com.qa.crm2.tests.SearchResultsTest.searchResultsTest()'><b>searchResultsTest</b><br>Test class: com.qa.crm2.tests.SearchResultsTest</td>
<td></td>
<td>1</td>
<td>com.qa.crm2.tests.SearchResultsTest@60e949e1</td></tr>
<tr>
<td title='com.qa.crm2.tests.AccountsPageTest.searchTest()'><b>searchTest</b><br>Test class: com.qa.crm2.tests.AccountsPageTest</td>
<td></td>
<td>1</td>
<td>com.qa.crm2.tests.AccountsPageTest@d4602a</td></tr>
</table><p>
</body>
</html>