{"uuid":"2e52c4e1-fa07-4a20-aea6-fa73fbcaf3b5","historyId":"311e172f53b36eafa5ed41b87556d9","fullName":"com.qa.crm2.tests.RegPageTest.userRegTest","labels":[{"name":"package","value":"com.qa.crm2.tests.RegPageTest"},{"name":"testClass","value":"com.qa.crm2.tests.RegPageTest"},{"name":"testMethod","value":"userRegTest"},{"name":"parentSuite","value":"Open Cart Regression Suite"},{"name":"suite","value":"Register Page Test"},{"name":"subSuite","value":"com.qa.crm2.tests.RegPageTest"},{"name":"host","value":"LP-000873.local"},{"name":"thread","value":"96549@LP-000873.local.TestNG-tests-1(16)"},{"name":"framework","value":"testng"},{"name":"language","value":"java"}],"links":[],"name":"userRegTest","status":"broken","statusDetails":{"known":false,"muted":false,"flaky":false,"message":"Expected condition failed: waiting for visibility of element located by By.cssSelector: div#content h1 (tried for 5 second(s) with 500 milliseconds interval)\nBuild info: version: '4.19.0', revision: '5f9cec8963'\nSystem info: os.name: 'Mac OS X', os.arch: 'x86_64', os.version: '15.5', java.version: '18.0.1.1'\nDriver info: org.openqa.selenium.chrome.ChromeDriver\nCapabilities {acceptInsecureCerts: false, browserName: chrome, browserVersion: 138.0.7204.159, chrome: {chromedriverVersion: 138.0.7204.168 (3e8d82e86e9..., userDataDir: /var/folders/c6/3l582mb97j5...}, fedcm:accounts: true, goog:chromeOptions: {debuggerAddress: localhost:57364}, networkConnectionEnabled: false, pageLoadStrategy: normal, platformName: mac, proxy: Proxy(), se:cdp: ws://localhost:57364/devtoo..., se:cdpVersion: 138.0.7204.159, setWindowRect: true, strictFileInteractability: false, timeouts: {implicit: 0, pageLoad: 300000, script: 30000}, unhandledPromptBehavior: dismiss and notify, webauthn:extension:credBlob: true, webauthn:extension:largeBlob: true, webauthn:extension:minPinLength: true, webauthn:extension:prf: true, webauthn:virtualAuthenticators: true}\nSession ID: a305cd43bb3c893f47a74005f6dad140","trace":"org.openqa.selenium.TimeoutException: Expected condition failed: waiting for visibility of element located by By.cssSelector: div#content h1 (tried for 5 second(s) with 500 milliseconds interval)\nBuild info: version: '4.19.0', revision: '5f9cec8963'\nSystem info: os.name: 'Mac OS X', os.arch: 'x86_64', os.version: '15.5', java.version: '18.0.1.1'\nDriver info: org.openqa.selenium.chrome.ChromeDriver\nCapabilities {acceptInsecureCerts: false, browserName: chrome, browserVersion: 138.0.7204.159, chrome: {chromedriverVersion: 138.0.7204.168 (3e8d82e86e9..., userDataDir: /var/folders/c6/3l582mb97j5...}, fedcm:accounts: true, goog:chromeOptions: {debuggerAddress: localhost:57364}, networkConnectionEnabled: false, pageLoadStrategy: normal, platformName: mac, proxy: Proxy(), se:cdp: ws://localhost:57364/devtoo..., se:cdpVersion: 138.0.7204.159, setWindowRect: true, strictFileInteractability: false, timeouts: {implicit: 0, pageLoad: 300000, script: 30000}, unhandledPromptBehavior: dismiss and notify, webauthn:extension:credBlob: true, webauthn:extension:largeBlob: true, webauthn:extension:minPinLength: true, webauthn:extension:prf: true, webauthn:virtualAuthenticators: true}\nSession ID: a305cd43bb3c893f47a74005f6dad140\n\tat org.openqa.selenium.support.ui.WebDriverWait.timeoutException(WebDriverWait.java:84)\n\tat org.openqa.selenium.support.ui.FluentWait.until(FluentWait.java:228)\n\tat com.qa.crm2.utils.ElementUtil.waitForElementVisible(ElementUtil.java:401)\n\tat com.qa.crm2.pages.RegisterationPage.userRegister(RegisterationPage.java:52)\n\tat com.qa.crm2.tests.RegPageTest.userRegTest(RegPageTest.java:58)\n\tat java.base/jdk.internal.reflect.DirectMethodHandleAccessor.invoke(DirectMethodHandleAccessor.java:104)\n\tat java.base/java.lang.reflect.Method.invoke(Method.java:577)\n\tat org.testng.internal.MethodInvocationHelper.invokeMethod(MethodInvocationHelper.java:133)\n\tat org.testng.internal.TestInvoker.invokeMethod(TestInvoker.java:584)\n\tat org.testng.internal.TestInvoker.invokeTestMethod(TestInvoker.java:172)\n\tat org.testng.internal.MethodRunner.runInSequence(MethodRunner.java:46)\n\tat org.testng.internal.TestInvoker$MethodInvocationAgent.invoke(TestInvoker.java:804)\n\tat org.testng.internal.TestInvoker.invokeTestMethods(TestInvoker.java:145)\n\tat org.testng.internal.TestMethodWorker.invokeTestMethods(TestMethodWorker.java:146)\n\tat org.testng.internal.TestMethodWorker.run(TestMethodWorker.java:128)\n\tat java.base/java.util.ArrayList.forEach(ArrayList.java:1511)\n\tat org.testng.TestRunner.privateRun(TestRunner.java:770)\n\tat org.testng.TestRunner.run(TestRunner.java:591)\n\tat org.testng.SuiteRunner.runTest(SuiteRunner.java:402)\n\tat org.testng.SuiteRunner.access$000(SuiteRunner.java:41)\n\tat org.testng.SuiteRunner$SuiteWorker.run(SuiteRunner.java:443)\n\tat org.testng.internal.thread.ThreadUtil.lambda$execute$0(ThreadUtil.java:67)\n\tat java.base/java.util.concurrent.FutureTask.run(FutureTask.java:264)\n\tat java.base/java.util.concurrent.ThreadPoolExecutor.runWorker(ThreadPoolExecutor.java:1136)\n\tat java.base/java.util.concurrent.ThreadPoolExecutor$Worker.run(ThreadPoolExecutor.java:635)\n\tat java.base/java.lang.Thread.run(Thread.java:833)\n"},"stage":"finished","steps":[{"name":"waiting for element using locator : By.id: input-firstname within timeout 10","status":"passed","stage":"finished","steps":[],"attachments":[],"parameters":[{"name":"locator","value":"By.id: input-firstname"},{"name":"timeOut","value":"10"}],"start":1753249215239,"stop":1753249215343},{"name":"entering value: Gupta in element : By.id: input-lastname","status":"passed","stage":"finished","steps":[{"name":"getting web element using locator By.id: input-lastname","status":"passed","stage":"finished","steps":[],"attachments":[],"parameters":[{"name":"locator","value":"By.id: input-lastname"}],"start":1753249216321,"stop":1753249216352},{"name":"getting web element using locator By.id: input-lastname","status":"passed","stage":"finished","steps":[],"attachments":[],"parameters":[{"name":"locator","value":"By.id: input-lastname"}],"start":1753249216477,"stop":1753249216503}],"attachments":[],"parameters":[{"name":"locator","value":"By.id: input-lastname"},{"name":"value","value":"Gupta"}],"start":1753249216321,"stop":1753249217524},{"name":"entering value: decbatch1753249215237@opencart.com in element : By.id: input-email","status":"passed","stage":"finished","steps":[{"name":"getting web element using locator By.id: input-email","status":"passed","stage":"finished","steps":[],"attachments":[],"parameters":[{"name":"locator","value":"By.id: input-email"}],"start":1753249217525,"stop":1753249217535},{"name":"getting web element using locator By.id: input-email","status":"passed","stage":"finished","steps":[],"attachments":[],"parameters":[{"name":"locator","value":"By.id: input-email"}],"start":1753249217606,"stop":1753249217654}],"attachments":[],"parameters":[{"name":"locator","value":"By.id: input-email"},{"name":"value","value":"decbatch1753249215237@opencart.com"}],"start":1753249217525,"stop":1753249219225},{"name":"entering value: 98765456789 in element : By.id: input-telephone","status":"passed","stage":"finished","steps":[{"name":"getting web element using locator By.id: input-telephone","status":"passed","stage":"finished","steps":[],"attachments":[],"parameters":[{"name":"locator","value":"By.id: input-telephone"}],"start":1753249219225,"stop":1753249219238},{"name":"getting web element using locator By.id: input-telephone","status":"passed","stage":"finished","steps":[],"attachments":[],"parameters":[{"name":"locator","value":"By.id: input-telephone"}],"start":1753249219259,"stop":1753249219294}],"attachments":[],"parameters":[{"name":"locator","value":"By.id: input-telephone"},{"name":"value","value":"98765456789"}],"start":1753249219225,"stop":1753249219348},{"name":"entering value: gg@123 in element : By.id: input-password","status":"passed","stage":"finished","steps":[{"name":"getting web element using locator By.id: input-password","status":"passed","stage":"finished","steps":[],"attachments":[],"parameters":[{"name":"locator","value":"By.id: input-password"}],"start":1753249219348,"stop":1753249219371},{"name":"getting web element using locator By.id: input-password","status":"passed","stage":"finished","steps":[],"attachments":[],"parameters":[{"name":"locator","value":"By.id: input-password"}],"start":1753249219386,"stop":1753249219416}],"attachments":[],"parameters":[{"name":"locator","value":"By.id: input-password"},{"name":"value","value":"gg@123"}],"start":1753249219348,"stop":1753249219635},{"name":"entering value: gg@123 in element : By.id: input-confirm","status":"passed","stage":"finished","steps":[{"name":"getting web element using locator By.id: input-confirm","status":"passed","stage":"finished","steps":[],"attachments":[],"parameters":[{"name":"locator","value":"By.id: input-confirm"}],"start":1753249219635,"stop":1753249219661},{"name":"getting web element using locator By.id: input-confirm","status":"passed","stage":"finished","steps":[],"attachments":[],"parameters":[{"name":"locator","value":"By.id: input-confirm"}],"start":1753249219694,"stop":1753249219727}],"attachments":[],"parameters":[{"name":"locator","value":"By.id: input-confirm"},{"name":"value","value":"gg@123"}],"start":1753249219635,"stop":1753249219777},{"name":"clicking on element using locator: By.xpath: //label[@class='radio-inline']//input[@type='radio' and @value = '1']","status":"passed","stage":"finished","steps":[{"name":"getting web element using locator By.xpath: //label[@class='radio-inline']//input[@type='radio' and @value = '1']","status":"passed","stage":"finished","steps":[],"attachments":[],"parameters":[{"name":"locator","value":"By.xpath: //label[@class='radio-inline']//input[@type='radio' and @value = '1']"}],"start":1753249219779,"stop":1753249219855}],"attachments":[],"parameters":[{"name":"locator","value":"By.xpath: //label[@class='radio-inline']//input[@type='radio' and @value = '1']"}],"start":1753249219778,"stop":1753249220679},{"name":"clicking on element using locator: By.name: agree","status":"passed","stage":"finished","steps":[{"name":"getting web element using locator By.name: agree","status":"passed","stage":"finished","steps":[],"attachments":[],"parameters":[{"name":"locator","value":"By.name: agree"}],"start":1753249220680,"stop":1753249220691}],"attachments":[],"parameters":[{"name":"locator","value":"By.name: agree"}],"start":1753249220680,"stop":1753249220828},{"name":"clicking on element using locator: By.xpath: //input[@type='submit' and @value='Continue']","status":"passed","stage":"finished","steps":[{"name":"getting web element using locator By.xpath: //input[@type='submit' and @value='Continue']","status":"passed","stage":"finished","steps":[],"attachments":[],"parameters":[{"name":"locator","value":"By.xpath: //input[@type='submit' and @value='Continue']"}],"start":1753249220828,"stop":1753249220854}],"attachments":[],"parameters":[{"name":"locator","value":"By.xpath: //input[@type='submit' and @value='Continue']"}],"start":1753249220828,"stop":1753249221585},{"name":"waiting for element using locator : By.cssSelector: div#content h1 within timeout 5","status":"broken","statusDetails":{"known":false,"muted":false,"flaky":false,"message":"Expected condition failed: waiting for visibility of element located by By.cssSelector: div#content h1 (tried for 5 second(s) with 500 milliseconds interval)\nBuild info: version: '4.19.0', revision: '5f9cec8963'\nSystem info: os.name: 'Mac OS X', os.arch: 'x86_64', os.version: '15.5', java.version: '18.0.1.1'\nDriver info: org.openqa.selenium.chrome.ChromeDriver\nCapabilities {acceptInsecureCerts: false, browserName: chrome, browserVersion: 138.0.7204.159, chrome: {chromedriverVersion: 138.0.7204.168 (3e8d82e86e9..., userDataDir: /var/folders/c6/3l582mb97j5...}, fedcm:accounts: true, goog:chromeOptions: {debuggerAddress: localhost:57364}, networkConnectionEnabled: false, pageLoadStrategy: normal, platformName: mac, proxy: Proxy(), se:cdp: ws://localhost:57364/devtoo..., se:cdpVersion: 138.0.7204.159, setWindowRect: true, strictFileInteractability: false, timeouts: {implicit: 0, pageLoad: 300000, script: 30000}, unhandledPromptBehavior: dismiss and notify, webauthn:extension:credBlob: true, webauthn:extension:largeBlob: true, webauthn:extension:minPinLength: true, webauthn:extension:prf: true, webauthn:virtualAuthenticators: true}\nSession ID: a305cd43bb3c893f47a74005f6dad140","trace":"org.openqa.selenium.TimeoutException: Expected condition failed: waiting for visibility of element located by By.cssSelector: div#content h1 (tried for 5 second(s) with 500 milliseconds interval)\nBuild info: version: '4.19.0', revision: '5f9cec8963'\nSystem info: os.name: 'Mac OS X', os.arch: 'x86_64', os.version: '15.5', java.version: '18.0.1.1'\nDriver info: org.openqa.selenium.chrome.ChromeDriver\nCapabilities {acceptInsecureCerts: false, browserName: chrome, browserVersion: 138.0.7204.159, chrome: {chromedriverVersion: 138.0.7204.168 (3e8d82e86e9..., userDataDir: /var/folders/c6/3l582mb97j5...}, fedcm:accounts: true, goog:chromeOptions: {debuggerAddress: localhost:57364}, networkConnectionEnabled: false, pageLoadStrategy: normal, platformName: mac, proxy: Proxy(), se:cdp: ws://localhost:57364/devtoo..., se:cdpVersion: 138.0.7204.159, setWindowRect: true, strictFileInteractability: false, timeouts: {implicit: 0, pageLoad: 300000, script: 30000}, unhandledPromptBehavior: dismiss and notify, webauthn:extension:credBlob: true, webauthn:extension:largeBlob: true, webauthn:extension:minPinLength: true, webauthn:extension:prf: true, webauthn:virtualAuthenticators: true}\nSession ID: a305cd43bb3c893f47a74005f6dad140\n\tat org.openqa.selenium.support.ui.WebDriverWait.timeoutException(WebDriverWait.java:84)\n\tat org.openqa.selenium.support.ui.FluentWait.until(FluentWait.java:228)\n\tat com.qa.crm2.utils.ElementUtil.waitForElementVisible(ElementUtil.java:401)\n\tat com.qa.crm2.pages.RegisterationPage.userRegister(RegisterationPage.java:52)\n\tat com.qa.crm2.tests.RegPageTest.userRegTest(RegPageTest.java:58)\n\tat java.base/jdk.internal.reflect.DirectMethodHandleAccessor.invoke(DirectMethodHandleAccessor.java:104)\n\tat java.base/java.lang.reflect.Method.invoke(Method.java:577)\n\tat org.testng.internal.MethodInvocationHelper.invokeMethod(MethodInvocationHelper.java:133)\n\tat org.testng.internal.TestInvoker.invokeMethod(TestInvoker.java:584)\n\tat org.testng.internal.TestInvoker.invokeTestMethod(TestInvoker.java:172)\n\tat org.testng.internal.MethodRunner.runInSequence(MethodRunner.java:46)\n\tat org.testng.internal.TestInvoker$MethodInvocationAgent.invoke(TestInvoker.java:804)\n\tat org.testng.internal.TestInvoker.invokeTestMethods(TestInvoker.java:145)\n\tat org.testng.internal.TestMethodWorker.invokeTestMethods(TestMethodWorker.java:146)\n\tat org.testng.internal.TestMethodWorker.run(TestMethodWorker.java:128)\n\tat java.base/java.util.ArrayList.forEach(ArrayList.java:1511)\n\tat org.testng.TestRunner.privateRun(TestRunner.java:770)\n\tat org.testng.TestRunner.run(TestRunner.java:591)\n\tat org.testng.SuiteRunner.runTest(SuiteRunner.java:402)\n\tat org.testng.SuiteRunner.access$000(SuiteRunner.java:41)\n\tat org.testng.SuiteRunner$SuiteWorker.run(SuiteRunner.java:443)\n\tat org.testng.internal.thread.ThreadUtil.lambda$execute$0(ThreadUtil.java:67)\n\tat java.base/java.util.concurrent.FutureTask.run(FutureTask.java:264)\n\tat java.base/java.util.concurrent.ThreadPoolExecutor.runWorker(ThreadPoolExecutor.java:1136)\n\tat java.base/java.util.concurrent.ThreadPoolExecutor$Worker.run(ThreadPoolExecutor.java:635)\n\tat java.base/java.lang.Thread.run(Thread.java:833)\n"},"stage":"finished","steps":[],"attachments":[],"parameters":[{"name":"locator","value":"By.cssSelector: div#content h1"},{"name":"timeOut","value":"5"}],"start":1753249221585,"stop":1753249228239}],"attachments":[],"parameters":[{"name":"arg3","value":"gg@123"},{"name":"arg2","value":"98765456789"},{"name":"arg4","value":"yes"},{"name":"arg1","value":"Gupta"},{"name":"arg0","value":"Gaurav"}],"start":1753249215215,"stop":1753249228244}