{"uuid":"cf2e2511-ec87-46e4-b1e2-a33ddb2d5901","historyId":"319dda6e330c4200ca5096b4e78542f2","fullName":"com.qa.crm2.tests.AddToCartPageTest.addToCartPageTitleTest","labels":[{"name":"package","value":"com.qa.crm2.tests.AddToCartPageTest"},{"name":"testClass","value":"com.qa.crm2.tests.AddToCartPageTest"},{"name":"testMethod","value":"addToCartPageTitleTest"},{"name":"parentSuite","value":"Open Cart Regression Suite"},{"name":"suite","value":"Add To Cart Page Test"},{"name":"subSuite","value":"com.qa.crm2.tests.AddToCartPageTest"},{"name":"host","value":"LP-000873.local"},{"name":"thread","value":"24041@LP-000873.local.TestNG-tests-6(21)"},{"name":"framework","value":"testng"},{"name":"language","value":"java"}],"links":[],"name":"addToCartPageTitleTest","status":"broken","statusDetails":{"known":false,"muted":false,"flaky":false,"message":"Cannot invoke \"org.openqa.selenium.WebElement.clear()\" because the return value of \"com.qa.crm2.utils.ElementUtil.getElement(org.openqa.selenium.By)\" is null","trace":"java.lang.NullPointerException: Cannot invoke \"org.openqa.selenium.WebElement.clear()\" because the return value of \"com.qa.crm2.utils.ElementUtil.getElement(org.openqa.selenium.By)\" is null\n\tat com.qa.crm2.utils.ElementUtil.doSendKeys(ElementUtil.java:114)\n\tat com.qa.crm2.pages.ProductInfoPage.increaseItem(ProductInfoPage.java:88)\n\tat com.qa.crm2.tests.AddToCartPageTest.addToCartPageTitleTest(AddToCartPageTest.java:20)\n\tat java.base/jdk.internal.reflect.DirectMethodHandleAccessor.invoke(DirectMethodHandleAccessor.java:104)\n\tat java.base/java.lang.reflect.Method.invoke(Method.java:577)\n\tat org.testng.internal.MethodInvocationHelper.invokeMethod(MethodInvocationHelper.java:133)\n\tat org.testng.internal.TestInvoker.invokeMethod(TestInvoker.java:584)\n\tat org.testng.internal.TestInvoker.invokeTestMethod(TestInvoker.java:172)\n\tat org.testng.internal.MethodRunner.runInSequence(MethodRunner.java:46)\n\tat org.testng.internal.TestInvoker$MethodInvocationAgent.invoke(TestInvoker.java:804)\n\tat org.testng.internal.TestInvoker.invokeTestMethods(TestInvoker.java:145)\n\tat org.testng.internal.TestMethodWorker.invokeTestMethods(TestMethodWorker.java:146)\n\tat org.testng.internal.TestMethodWorker.run(TestMethodWorker.java:128)\n\tat java.base/java.util.ArrayList.forEach(ArrayList.java:1511)\n\tat org.testng.TestRunner.privateRun(TestRunner.java:770)\n\tat org.testng.TestRunner.run(TestRunner.java:591)\n\tat org.testng.SuiteRunner.runTest(SuiteRunner.java:402)\n\tat org.testng.SuiteRunner.access$000(SuiteRunner.java:41)\n\tat org.testng.SuiteRunner$SuiteWorker.run(SuiteRunner.java:443)\n\tat org.testng.internal.thread.ThreadUtil.lambda$execute$0(ThreadUtil.java:67)\n\tat java.base/java.util.concurrent.FutureTask.run(FutureTask.java:264)\n\tat java.base/java.util.concurrent.ThreadPoolExecutor.runWorker(ThreadPoolExecutor.java:1136)\n\tat java.base/java.util.concurrent.ThreadPoolExecutor$Worker.run(ThreadPoolExecutor.java:635)\n\tat java.base/java.lang.Thread.run(Thread.java:833)\n"},"stage":"finished","steps":[{"name":"entering value: macbook in element : By.name: search","status":"passed","stage":"finished","steps":[{"name":"getting web element using locator By.name: search","status":"passed","stage":"finished","steps":[],"attachments":[],"parameters":[{"name":"locator","value":"By.name: search"}],"start":1753339359937,"stop":1753339360234},{"name":"getting web element using locator By.name: search","status":"passed","stage":"finished","steps":[],"attachments":[],"parameters":[{"name":"locator","value":"By.name: search"}],"start":1753339360238,"stop":1753339360499}],"attachments":[],"parameters":[{"name":"locator","value":"By.name: search"},{"name":"value","value":"macbook"}],"start":1753339359937,"stop":1753339360517},{"name":"clicking on element using locator: By.cssSelector: div#search button","status":"passed","stage":"finished","steps":[{"name":"getting web element using locator By.cssSelector: div#search button","status":"passed","stage":"finished","steps":[],"attachments":[],"parameters":[{"name":"locator","value":"By.cssSelector: div#search button"}],"start":1753339360517,"stop":1753339360802}],"attachments":[],"parameters":[{"name":"locator","value":"By.cssSelector: div#search button"}],"start":1753339360517,"stop":1753339366226},{"name":"waiting for element using locator : By.linkText: MacBook Pro within timeout 10","status":"passed","stage":"finished","steps":[],"attachments":[],"parameters":[{"name":"locator","value":"By.linkText: MacBook Pro"},{"name":"timeOut","value":"10"}],"start":1753339366227,"stop":1753339366563},{"name":"entering value: 2 in element : By.xpath: //input[@name='quantity']","status":"broken","statusDetails":{"known":false,"muted":false,"flaky":false,"message":"Cannot invoke \"org.openqa.selenium.WebElement.clear()\" because the return value of \"com.qa.crm2.utils.ElementUtil.getElement(org.openqa.selenium.By)\" is null","trace":"java.lang.NullPointerException: Cannot invoke \"org.openqa.selenium.WebElement.clear()\" because the return value of \"com.qa.crm2.utils.ElementUtil.getElement(org.openqa.selenium.By)\" is null\n\tat com.qa.crm2.utils.ElementUtil.doSendKeys(ElementUtil.java:114)\n\tat com.qa.crm2.pages.ProductInfoPage.increaseItem(ProductInfoPage.java:88)\n\tat com.qa.crm2.tests.AddToCartPageTest.addToCartPageTitleTest(AddToCartPageTest.java:20)\n\tat java.base/jdk.internal.reflect.DirectMethodHandleAccessor.invoke(DirectMethodHandleAccessor.java:104)\n\tat java.base/java.lang.reflect.Method.invoke(Method.java:577)\n\tat org.testng.internal.MethodInvocationHelper.invokeMethod(MethodInvocationHelper.java:133)\n\tat org.testng.internal.TestInvoker.invokeMethod(TestInvoker.java:584)\n\tat org.testng.internal.TestInvoker.invokeTestMethod(TestInvoker.java:172)\n\tat org.testng.internal.MethodRunner.runInSequence(MethodRunner.java:46)\n\tat org.testng.internal.TestInvoker$MethodInvocationAgent.invoke(TestInvoker.java:804)\n\tat org.testng.internal.TestInvoker.invokeTestMethods(TestInvoker.java:145)\n\tat org.testng.internal.TestMethodWorker.invokeTestMethods(TestMethodWorker.java:146)\n\tat org.testng.internal.TestMethodWorker.run(TestMethodWorker.java:128)\n\tat java.base/java.util.ArrayList.forEach(ArrayList.java:1511)\n\tat org.testng.TestRunner.privateRun(TestRunner.java:770)\n\tat org.testng.TestRunner.run(TestRunner.java:591)\n\tat org.testng.SuiteRunner.runTest(SuiteRunner.java:402)\n\tat org.testng.SuiteRunner.access$000(SuiteRunner.java:41)\n\tat org.testng.SuiteRunner$SuiteWorker.run(SuiteRunner.java:443)\n\tat org.testng.internal.thread.ThreadUtil.lambda$execute$0(ThreadUtil.java:67)\n\tat java.base/java.util.concurrent.FutureTask.run(FutureTask.java:264)\n\tat java.base/java.util.concurrent.ThreadPoolExecutor.runWorker(ThreadPoolExecutor.java:1136)\n\tat java.base/java.util.concurrent.ThreadPoolExecutor$Worker.run(ThreadPoolExecutor.java:635)\n\tat java.base/java.lang.Thread.run(Thread.java:833)\n"},"stage":"finished","steps":[{"name":"getting web element using locator By.xpath: //input[@name='quantity']","status":"passed","stage":"finished","steps":[],"attachments":[],"parameters":[{"name":"locator","value":"By.xpath: //input[@name='quantity']"}],"start":1753339371787,"stop":1753339371808}],"attachments":[],"parameters":[{"name":"locator","value":"By.xpath: //input[@name='quantity']"},{"name":"value","value":"2"}],"start":1753339371786,"stop":1753339371810}],"attachments":[],"parameters":[{"name":"browser","value":"firefox"}],"start":1753339359930,"stop":1753339371836}