{"uuid":"efe8af5d-d307-4d5a-8cd7-4b4cc6b6c25a","historyId":"81c5f3e62a37b31559937c9b0aec2401","fullName":"com.qa.crm2.tests.ProductPageInfoTest.addItemTest","labels":[{"name":"package","value":"com.qa.crm2.tests.ProductPageInfoTest"},{"name":"testClass","value":"com.qa.crm2.tests.ProductPageInfoTest"},{"name":"testMethod","value":"addItemTest"},{"name":"parentSuite","value":"Open Cart Regression Suite"},{"name":"suite","value":"Product Info Page Test"},{"name":"subSuite","value":"com.qa.crm2.tests.ProductPageInfoTest"},{"name":"host","value":"LP-000873.local"},{"name":"thread","value":"21980@LP-000873.local.TestNG-tests-5(20)"},{"name":"framework","value":"testng"},{"name":"language","value":"java"}],"links":[],"name":"addItemTest","status":"broken","statusDetails":{"known":false,"muted":false,"flaky":false,"message":"Expected condition failed: waiting for visibility of element located by By.xpath: //a[text()='shopping cart'] (tried for 5 second(s) with 500 milliseconds interval)\nBuild info: version: '4.19.0', revision: '5f9cec8963'\nSystem info: os.name: 'Mac OS X', os.arch: 'x86_64', os.version: '15.5', java.version: '18.0.1.1'\nDriver info: org.openqa.selenium.chrome.ChromeDriver\nCapabilities {acceptInsecureCerts: false, browserName: chrome, browserVersion: 138.0.7204.159, chrome: {chromedriverVersion: 138.0.7204.168 (3e8d82e86e9..., userDataDir: /var/folders/c6/3l582mb97j5...}, fedcm:accounts: true, goog:chromeOptions: {debuggerAddress: localhost:59487}, networkConnectionEnabled: false, pageLoadStrategy: normal, platformName: mac, proxy: Proxy(), se:cdp: ws://localhost:59487/devtoo..., se:cdpVersion: 138.0.7204.159, setWindowRect: true, strictFileInteractability: false, timeouts: {implicit: 0, pageLoad: 300000, script: 30000}, unhandledPromptBehavior: dismiss and notify, webauthn:extension:credBlob: true, webauthn:extension:largeBlob: true, webauthn:extension:minPinLength: true, webauthn:extension:prf: true, webauthn:virtualAuthenticators: true}\nSession ID: 27ac3ac19c30db557a9c0fd5a08a0bd4","trace":"org.openqa.selenium.TimeoutException: Expected condition failed: waiting for visibility of element located by By.xpath: //a[text()='shopping cart'] (tried for 5 second(s) with 500 milliseconds interval)\nBuild info: version: '4.19.0', revision: '5f9cec8963'\nSystem info: os.name: 'Mac OS X', os.arch: 'x86_64', os.version: '15.5', java.version: '18.0.1.1'\nDriver info: org.openqa.selenium.chrome.ChromeDriver\nCapabilities {acceptInsecureCerts: false, browserName: chrome, browserVersion: 138.0.7204.159, chrome: {chromedriverVersion: 138.0.7204.168 (3e8d82e86e9..., userDataDir: /var/folders/c6/3l582mb97j5...}, fedcm:accounts: true, goog:chromeOptions: {debuggerAddress: localhost:59487}, networkConnectionEnabled: false, pageLoadStrategy: normal, platformName: mac, proxy: Proxy(), se:cdp: ws://localhost:59487/devtoo..., se:cdpVersion: 138.0.7204.159, setWindowRect: true, strictFileInteractability: false, timeouts: {implicit: 0, pageLoad: 300000, script: 30000}, unhandledPromptBehavior: dismiss and notify, webauthn:extension:credBlob: true, webauthn:extension:largeBlob: true, webauthn:extension:minPinLength: true, webauthn:extension:prf: true, webauthn:virtualAuthenticators: true}\nSession ID: 27ac3ac19c30db557a9c0fd5a08a0bd4\n\tat org.openqa.selenium.support.ui.WebDriverWait.timeoutException(WebDriverWait.java:84)\n\tat org.openqa.selenium.support.ui.FluentWait.until(FluentWait.java:228)\n\tat com.qa.crm2.utils.ElementUtil.waitForElementVisible(ElementUtil.java:401)\n\tat com.qa.crm2.pages.ProductInfoPage.addToCart(ProductInfoPage.java:93)\n\tat com.qa.crm2.tests.ProductPageInfoTest.addItemTest(ProductPageInfoTest.java:113)\n\tat java.base/jdk.internal.reflect.DirectMethodHandleAccessor.invoke(DirectMethodHandleAccessor.java:104)\n\tat java.base/java.lang.reflect.Method.invoke(Method.java:577)\n\tat org.testng.internal.MethodInvocationHelper.invokeMethod(MethodInvocationHelper.java:133)\n\tat org.testng.internal.TestInvoker.invokeMethod(TestInvoker.java:584)\n\tat org.testng.internal.TestInvoker.invokeTestMethod(TestInvoker.java:172)\n\tat org.testng.internal.MethodRunner.runInSequence(MethodRunner.java:46)\n\tat org.testng.internal.TestInvoker$MethodInvocationAgent.invoke(TestInvoker.java:804)\n\tat org.testng.internal.TestInvoker.invokeTestMethods(TestInvoker.java:145)\n\tat org.testng.internal.TestMethodWorker.invokeTestMethods(TestMethodWorker.java:146)\n\tat org.testng.internal.TestMethodWorker.run(TestMethodWorker.java:128)\n\tat java.base/java.util.ArrayList.forEach(ArrayList.java:1511)\n\tat org.testng.TestRunner.privateRun(TestRunner.java:770)\n\tat org.testng.TestRunner.run(TestRunner.java:591)\n\tat org.testng.SuiteRunner.runTest(SuiteRunner.java:402)\n\tat org.testng.SuiteRunner.access$000(SuiteRunner.java:41)\n\tat org.testng.SuiteRunner$SuiteWorker.run(SuiteRunner.java:443)\n\tat org.testng.internal.thread.ThreadUtil.lambda$execute$0(ThreadUtil.java:67)\n\tat java.base/java.util.concurrent.FutureTask.run(FutureTask.java:264)\n\tat java.base/java.util.concurrent.ThreadPoolExecutor.runWorker(ThreadPoolExecutor.java:1136)\n\tat java.base/java.util.concurrent.ThreadPoolExecutor$Worker.run(ThreadPoolExecutor.java:635)\n\tat java.base/java.lang.Thread.run(Thread.java:833)\n"},"stage":"finished","steps":[{"name":"entering value: macbook in element : By.name: search","status":"passed","stage":"finished","steps":[{"name":"getting web element using locator By.name: search","status":"passed","stage":"finished","steps":[],"attachments":[],"parameters":[{"name":"locator","value":"By.name: search"}],"start":1753337201721,"stop":1753337201733},{"name":"getting web element using locator By.name: search","status":"passed","stage":"finished","steps":[],"attachments":[],"parameters":[{"name":"locator","value":"By.name: search"}],"start":1753337201855,"stop":1753337201874}],"attachments":[],"parameters":[{"name":"locator","value":"By.name: search"},{"name":"value","value":"macbook"}],"start":1753337201721,"stop":1753337202043},{"name":"clicking on element using locator: By.cssSelector: div#search button","status":"passed","stage":"finished","steps":[{"name":"getting web element using locator By.cssSelector: div#search button","status":"passed","stage":"finished","steps":[],"attachments":[],"parameters":[{"name":"locator","value":"By.cssSelector: div#search button"}],"start":1753337202044,"stop":1753337202063}],"attachments":[],"parameters":[{"name":"locator","value":"By.cssSelector: div#search button"}],"start":1753337202044,"stop":1753337203718},{"name":"waiting for element using locator : By.linkText: MacBook Pro within timeout 10","status":"passed","stage":"finished","steps":[],"attachments":[],"parameters":[{"name":"locator","value":"By.linkText: MacBook Pro"},{"name":"timeOut","value":"10"}],"start":1753337203719,"stop":1753337204403},{"name":"entering value: 2 in element : By.xpath: //input[@name='quantity']","status":"passed","stage":"finished","steps":[{"name":"getting web element using locator By.xpath: //input[@name='quantity']","status":"passed","stage":"finished","steps":[],"attachments":[],"parameters":[{"name":"locator","value":"By.xpath: //input[@name='quantity']"}],"start":1753337207031,"stop":1753337207042},{"name":"getting web element using locator By.xpath: //input[@name='quantity']","status":"passed","stage":"finished","steps":[],"attachments":[],"parameters":[{"name":"locator","value":"By.xpath: //input[@name='quantity']"}],"start":1753337207139,"stop":1753337207185}],"attachments":[],"parameters":[{"name":"locator","value":"By.xpath: //input[@name='quantity']"},{"name":"value","value":"2"}],"start":1753337207031,"stop":1753337207214},{"name":"clicking on element using locator: By.xpath: //button[@id='button-cart']","status":"passed","stage":"finished","steps":[{"name":"getting web element using locator By.xpath: //button[@id='button-cart']","status":"passed","stage":"finished","steps":[],"attachments":[],"parameters":[{"name":"locator","value":"By.xpath: //button[@id='button-cart']"}],"start":1753337207215,"stop":1753337207223}],"attachments":[],"parameters":[{"name":"locator","value":"By.xpath: //button[@id='button-cart']"}],"start":1753337207214,"stop":1753337207659},{"name":"waiting for element using locator : By.xpath: //a[text()='shopping cart'] within timeout 5","status":"broken","statusDetails":{"known":false,"muted":false,"flaky":false,"message":"Expected condition failed: waiting for visibility of element located by By.xpath: //a[text()='shopping cart'] (tried for 5 second(s) with 500 milliseconds interval)\nBuild info: version: '4.19.0', revision: '5f9cec8963'\nSystem info: os.name: 'Mac OS X', os.arch: 'x86_64', os.version: '15.5', java.version: '18.0.1.1'\nDriver info: org.openqa.selenium.chrome.ChromeDriver\nCapabilities {acceptInsecureCerts: false, browserName: chrome, browserVersion: 138.0.7204.159, chrome: {chromedriverVersion: 138.0.7204.168 (3e8d82e86e9..., userDataDir: /var/folders/c6/3l582mb97j5...}, fedcm:accounts: true, goog:chromeOptions: {debuggerAddress: localhost:59487}, networkConnectionEnabled: false, pageLoadStrategy: normal, platformName: mac, proxy: Proxy(), se:cdp: ws://localhost:59487/devtoo..., se:cdpVersion: 138.0.7204.159, setWindowRect: true, strictFileInteractability: false, timeouts: {implicit: 0, pageLoad: 300000, script: 30000}, unhandledPromptBehavior: dismiss and notify, webauthn:extension:credBlob: true, webauthn:extension:largeBlob: true, webauthn:extension:minPinLength: true, webauthn:extension:prf: true, webauthn:virtualAuthenticators: true}\nSession ID: 27ac3ac19c30db557a9c0fd5a08a0bd4","trace":"org.openqa.selenium.TimeoutException: Expected condition failed: waiting for visibility of element located by By.xpath: //a[text()='shopping cart'] (tried for 5 second(s) with 500 milliseconds interval)\nBuild info: version: '4.19.0', revision: '5f9cec8963'\nSystem info: os.name: 'Mac OS X', os.arch: 'x86_64', os.version: '15.5', java.version: '18.0.1.1'\nDriver info: org.openqa.selenium.chrome.ChromeDriver\nCapabilities {acceptInsecureCerts: false, browserName: chrome, browserVersion: 138.0.7204.159, chrome: {chromedriverVersion: 138.0.7204.168 (3e8d82e86e9..., userDataDir: /var/folders/c6/3l582mb97j5...}, fedcm:accounts: true, goog:chromeOptions: {debuggerAddress: localhost:59487}, networkConnectionEnabled: false, pageLoadStrategy: normal, platformName: mac, proxy: Proxy(), se:cdp: ws://localhost:59487/devtoo..., se:cdpVersion: 138.0.7204.159, setWindowRect: true, strictFileInteractability: false, timeouts: {implicit: 0, pageLoad: 300000, script: 30000}, unhandledPromptBehavior: dismiss and notify, webauthn:extension:credBlob: true, webauthn:extension:largeBlob: true, webauthn:extension:minPinLength: true, webauthn:extension:prf: true, webauthn:virtualAuthenticators: true}\nSession ID: 27ac3ac19c30db557a9c0fd5a08a0bd4\n\tat org.openqa.selenium.support.ui.WebDriverWait.timeoutException(WebDriverWait.java:84)\n\tat org.openqa.selenium.support.ui.FluentWait.until(FluentWait.java:228)\n\tat com.qa.crm2.utils.ElementUtil.waitForElementVisible(ElementUtil.java:401)\n\tat com.qa.crm2.pages.ProductInfoPage.addToCart(ProductInfoPage.java:93)\n\tat com.qa.crm2.tests.ProductPageInfoTest.addItemTest(ProductPageInfoTest.java:113)\n\tat java.base/jdk.internal.reflect.DirectMethodHandleAccessor.invoke(DirectMethodHandleAccessor.java:104)\n\tat java.base/java.lang.reflect.Method.invoke(Method.java:577)\n\tat org.testng.internal.MethodInvocationHelper.invokeMethod(MethodInvocationHelper.java:133)\n\tat org.testng.internal.TestInvoker.invokeMethod(TestInvoker.java:584)\n\tat org.testng.internal.TestInvoker.invokeTestMethod(TestInvoker.java:172)\n\tat org.testng.internal.MethodRunner.runInSequence(MethodRunner.java:46)\n\tat org.testng.internal.TestInvoker$MethodInvocationAgent.invoke(TestInvoker.java:804)\n\tat org.testng.internal.TestInvoker.invokeTestMethods(TestInvoker.java:145)\n\tat org.testng.internal.TestMethodWorker.invokeTestMethods(TestMethodWorker.java:146)\n\tat org.testng.internal.TestMethodWorker.run(TestMethodWorker.java:128)\n\tat java.base/java.util.ArrayList.forEach(ArrayList.java:1511)\n\tat org.testng.TestRunner.privateRun(TestRunner.java:770)\n\tat org.testng.TestRunner.run(TestRunner.java:591)\n\tat org.testng.SuiteRunner.runTest(SuiteRunner.java:402)\n\tat org.testng.SuiteRunner.access$000(SuiteRunner.java:41)\n\tat org.testng.SuiteRunner$SuiteWorker.run(SuiteRunner.java:443)\n\tat org.testng.internal.thread.ThreadUtil.lambda$execute$0(ThreadUtil.java:67)\n\tat java.base/java.util.concurrent.FutureTask.run(FutureTask.java:264)\n\tat java.base/java.util.concurrent.ThreadPoolExecutor.runWorker(ThreadPoolExecutor.java:1136)\n\tat java.base/java.util.concurrent.ThreadPoolExecutor$Worker.run(ThreadPoolExecutor.java:635)\n\tat java.base/java.lang.Thread.run(Thread.java:833)\n"},"stage":"finished","steps":[],"attachments":[],"parameters":[{"name":"locator","value":"By.xpath: //a[text()='shopping cart']"},{"name":"timeOut","value":"5"}],"start":1753337207661,"stop":1753337212985}],"attachments":[],"parameters":[{"name":"browser","value":"chrome"}],"start":1753337201718,"stop":1753337212994}