<?xml version="1.0" encoding="UTF-8"?>
<testsuite xmlns:xsi="http://www.w3.org/2001/XMLSchema-instance" xsi:noNamespaceSchemaLocation="https://maven.apache.org/surefire/maven-surefire-plugin/xsd/surefire-test-report.xsd" name="TestSuite" time="82.747" tests="34" errors="0" skipped="2" failures="2">
  <properties>
    <property name="java.specification.version" value="18"/>
    <property name="sun.jnu.encoding" value="UTF-8"/>
    <property name="java.class.path" value="/Users/pravalmishra/Downloads/apache-maven-3.9.6/boot/plexus-classworlds-2.7.0.jar"/>
    <property name="java.vm.vendor" value="Oracle Corporation"/>
    <property name="sun.arch.data.model" value="64"/>
    <property name="java.vendor.url" value="https://java.oracle.com/"/>
    <property name="user.timezone" value="Asia/Kolkata"/>
    <property name="maven.conf" value="/Users/pravalmishra/Downloads/apache-maven-3.9.6/conf"/>
    <property name="java.vm.specification.version" value="18"/>
    <property name="os.name" value="Mac OS X"/>
    <property name="sun.java.launcher" value="SUN_STANDARD"/>
    <property name="user.country" value="IN"/>
    <property name="sun.boot.library.path" value="/Library/Java/JavaVirtualMachines/jdk-18.0.1.1.jdk/Contents/Home/lib"/>
    <property name="sun.java.command" value="org.codehaus.plexus.classworlds.launcher.Launcher clean install -Denv=stage"/>
    <property name="http.nonProxyHosts" value="local|*.local|169.254/16|*.169.254/16"/>
    <property name="jdk.debug" value="release"/>
    <property name="maven.home" value="/Users/pravalmishra/Downloads/apache-maven-3.9.6"/>
    <property name="sun.cpu.endian" value="little"/>
    <property name="user.home" value="/Users/pravalmishra"/>
    <property name="user.language" value="en"/>
    <property name="sun.stderr.encoding" value="UTF-8"/>
    <property name="java.specification.vendor" value="Oracle Corporation"/>
    <property name="java.version.date" value="2022-04-22"/>
    <property name="java.home" value="/Library/Java/JavaVirtualMachines/jdk-18.0.1.1.jdk/Contents/Home"/>
    <property name="file.separator" value="/"/>
    <property name="java.vm.compressedOopsMode" value="Zero based"/>
    <property name="line.separator" value="&#10;"/>
    <property name="sun.stdout.encoding" value="UTF-8"/>
    <property name="java.vm.specification.vendor" value="Oracle Corporation"/>
    <property name="java.specification.name" value="Java Platform API Specification"/>
    <property name="apple.awt.application.name" value="Launcher"/>
    <property name="sun.management.compiler" value="HotSpot 64-Bit Tiered Compilers"/>
    <property name="ftp.nonProxyHosts" value="local|*.local|169.254/16|*.169.254/16"/>
    <property name="java.runtime.version" value="18.0.1.1+2-6"/>
    <property name="user.name" value="pravalmishra"/>
    <property name="path.separator" value=":"/>
    <property name="os.version" value="15.5"/>
    <property name="java.runtime.name" value="Java(TM) SE Runtime Environment"/>
    <property name="file.encoding" value="UTF-8"/>
    <property name="guice.disable.misplaced.annotation.check" value="true"/>
    <property name="java.vm.name" value="Java HotSpot(TM) 64-Bit Server VM"/>
    <property name="java.vendor.url.bug" value="https://bugreport.java.com/bugreport/"/>
    <property name="java.io.tmpdir" value="/var/folders/c6/3l582mb97j5g39p7sx8wptj80000gp/T/"/>
    <property name="java.version" value="18.0.1.1"/>
    <property name="user.dir" value="/Users/pravalmishra/Automation/CRM2_UI"/>
    <property name="os.arch" value="x86_64"/>
    <property name="maven.multiModuleProjectDirectory" value="/Users/pravalmishra/Automation/CRM2_UI"/>
    <property name="java.vm.specification.name" value="Java Virtual Machine Specification"/>
    <property name="env" value="stage"/>
    <property name="native.encoding" value="UTF-8"/>
    <property name="java.library.path" value="/Users/pravalmishra/Library/Java/Extensions:/Library/Java/Extensions:/Network/Library/Java/Extensions:/System/Library/Java/Extensions:/usr/lib/java:."/>
    <property name="java.vm.info" value="mixed mode, sharing"/>
    <property name="java.vendor" value="Oracle Corporation"/>
    <property name="java.vm.version" value="18.0.1.1+2-6"/>
    <property name="classworlds.conf" value="/Users/pravalmishra/Downloads/apache-maven-3.9.6/bin/m2.conf"/>
    <property name="sun.io.unicode.encoding" value="UnicodeBig"/>
    <property name="library.jansi.path" value="/Users/pravalmishra/Downloads/apache-maven-3.9.6/lib/jansi-native"/>
    <property name="socksNonProxyHosts" value="local|*.local|169.254/16|*.169.254/16"/>
    <property name="java.class.version" value="62.0"/>
  </properties>
  <testcase name="setup" classname="com.qa.crm2.tests.LoginPageTest" time="8.236">
    <failure message="Could not start a new session. Response code 500. Message: Error: NS_ERROR_CONNECTION_REFUSED &#10;Host info: host: &apos;LP-000873.local&apos;, ip: &apos;fe80:0:0:0:1437:4635:2f3f:a125%en0&apos;&#10;Build info: version: &apos;4.19.0&apos;, revision: &apos;5f9cec8963&apos;&#10;System info: os.name: &apos;Mac OS X&apos;, os.arch: &apos;x86_64&apos;, os.version: &apos;15.5&apos;, java.version: &apos;18.0.1.1&apos;&#10;Driver info: org.openqa.selenium.firefox.FirefoxDriver&#10;Command: [null, newSession {capabilities=[Capabilities {acceptInsecureCerts: true, browserName: firefox, moz:debuggerAddress: true, moz:firefoxOptions: {args: [--incognito], binary: /Applications/Firefox.app/C...}}]}]" type="org.openqa.selenium.SessionNotCreatedException">org.openqa.selenium.SessionNotCreatedException: 
Could not start a new session. Response code 500. Message: Error: NS_ERROR_CONNECTION_REFUSED 
Host info: host: 'LP-000873.local', ip: 'fe80:0:0:0:1437:4635:2f3f:a125%en0'
Build info: version: '4.19.0', revision: '5f9cec8963'
System info: os.name: 'Mac OS X', os.arch: 'x86_64', os.version: '15.5', java.version: '18.0.1.1'
Driver info: org.openqa.selenium.firefox.FirefoxDriver
Command: [null, newSession {capabilities=[Capabilities {acceptInsecureCerts: true, browserName: firefox, moz:debuggerAddress: true, moz:firefoxOptions: {args: [--incognito], binary: /Applications/Firefox.app/C...}}]}]
</failure>
    <system-out><![CDATA[...
... TestNG 7.0.0 by CÃ©dric Beust (cedric@beust.com)
...

Test Suite started!
Test Suite started!
Test Suite started!
Test Suite started!
Test Suite started!
Test Suite started!
Running tests on Env : stage
Running tests on Env : stage
Running tests on Env : stage
Running tests on Env : stage
Running tests on Env : stage
Running tests on Env : stage
2025-07-25 08:50:41,954 INFO com.qa.crm2.logger.Log [TestNG-tests-3] Browser name is : firefox
2025-07-25 08:50:41,954 INFO com.qa.crm2.logger.Log [TestNG-tests-4] Browser name is : chrome
2025-07-25 08:50:41,954 INFO com.qa.crm2.logger.Log [TestNG-tests-6] Browser name is : firefox
2025-07-25 08:50:41,954 INFO com.qa.crm2.logger.Log [TestNG-tests-2] Browser name is : firefox
2025-07-25 08:50:41,954 INFO com.qa.crm2.logger.Log [TestNG-tests-5] Browser name is : chrome
2025-07-25 08:50:41,954 INFO com.qa.crm2.logger.Log [TestNG-tests-1] Browser name is : chrome
2025-07-25 08:50:42,025 INFO com.qa.crm2.logger.Log [TestNG-tests-4] Running chrome in incognito mode
2025-07-25 08:50:42,025 INFO com.qa.crm2.logger.Log [TestNG-tests-1] Running chrome in incognito mode
2025-07-25 08:50:42,025 INFO com.qa.crm2.logger.Log [TestNG-tests-5] Running chrome in incognito mode
Incognito Mode
Incognito Mode
Incognito Mode
]]></system-out>
    <system-err><![CDATA[SLF4J: Failed to load class "org.slf4j.impl.StaticLoggerBinder".
SLF4J: Defaulting to no-operation (NOP) logger implementation
SLF4J: See http://www.slf4j.org/codes.html#StaticLoggerBinder for further details.
]]></system-err>
  </testcase>
  <testcase name="forgotPwdLinkExistTest" classname="com.qa.crm2.tests.LoginPageTest" time="0">
    <skipped message="Could not start a new session. Response code 500. Message: Error: NS_ERROR_CONNECTION_REFUSED &#10;Host info: host: &apos;LP-000873.local&apos;, ip: &apos;fe80:0:0:0:1437:4635:2f3f:a125%en0&apos;&#10;Build info: version: &apos;4.19.0&apos;, revision: &apos;5f9cec8963&apos;&#10;System info: os.name: &apos;Mac OS X&apos;, os.arch: &apos;x86_64&apos;, os.version: &apos;15.5&apos;, java.version: &apos;18.0.1.1&apos;&#10;Driver info: org.openqa.selenium.firefox.FirefoxDriver&#10;Command: [null, newSession {capabilities=[Capabilities {acceptInsecureCerts: true, browserName: firefox, moz:debuggerAddress: true, moz:firefoxOptions: {args: [--incognito], binary: /Applications/Firefox.app/C...}}]}]"/>
    <system-out><![CDATA[forgotPwdLinkExistTest started!
]]></system-out>
  </testcase>
  <testcase name="forgotPwdLinkExistTest" classname="com.qa.crm2.tests.LoginPageTest" time="0.058">
    <failure message="Cannot invoke &quot;org.openqa.selenium.TakesScreenshot.getScreenshotAs(org.openqa.selenium.OutputType)&quot; because the return value of &quot;com.qa.crm2.factory.DriverFactory.getDriver()&quot; is null" type="java.lang.NullPointerException">java.lang.NullPointerException: Cannot invoke "org.openqa.selenium.TakesScreenshot.getScreenshotAs(org.openqa.selenium.OutputType)" because the return value of "com.qa.crm2.factory.DriverFactory.getDriver()" is null
</failure>
    <system-out><![CDATA[forgotPwdLinkExistTest skipped!
]]></system-out>
  </testcase>
  <testcase name="forgotPwdLinkExistTest" classname="com.qa.crm2.tests.LoginPageTest" time="0.346"/>
  <testcase name="tearDown" classname="com.qa.crm2.tests.LoginPageTest" time="0">
    <skipped/>
    <system-out><![CDATA[forgotPwdLinkExistTest failed!
]]></system-out>
  </testcase>
  <testcase name="accPageHeadersTest" classname="com.qa.crm2.tests.AccountsPageTest" time="0.076"/>
  <testcase name="accPageTitleTest" classname="com.qa.crm2.tests.AccountsPageTest" time="0.028"/>
  <testcase name="accPageURLTest" classname="com.qa.crm2.tests.AccountsPageTest" time="0.017"/>
  <testcase name="isLogoutLinkExistTest" classname="com.qa.crm2.tests.AccountsPageTest" time="0.391"/>
  <testcase name="isMyAccountLinkExistTest" classname="com.qa.crm2.tests.AccountsPageTest" time="0.428"/>
  <testcase name="loginPageTitleTest" classname="com.qa.crm2.tests.LoginPageTest" time="0.048"/>
  <testcase name="loginPageUrlTest" classname="com.qa.crm2.tests.LoginPageTest" time="0.065"/>
  <testcase name="searchTest" classname="com.qa.crm2.tests.AccountsPageTest" time="1.5"/>
  <testcase name="loginTest" classname="com.qa.crm2.tests.LoginPageTest" time="0.215"/>
  <testcase name="addToCartPageTitleTest" classname="com.qa.crm2.tests.AddToCartPageTest" time="0.509"/>
  <testcase name="searchResultsCountTest" classname="com.qa.crm2.tests.SearchResultsTest" time="3.159"/>
  <testcase name="searchResultsCountTest" classname="com.qa.crm2.tests.SearchResultsTest" time="1.771"/>
  <testcase name="searchResultsCountTest" classname="com.qa.crm2.tests.SearchResultsTest" time="1.678"/>
  <testcase name="addItemTest" classname="com.qa.crm2.tests.ProductPageInfoTest" time="1.424"/>
  <testcase name="searchResultsTest" classname="com.qa.crm2.tests.SearchResultsTest" time="1.031"/>
  <testcase name="productHeaderTest" classname="com.qa.crm2.tests.ProductPageInfoTest" time="3.513"/>
  <testcase name="productHeaderTest" classname="com.qa.crm2.tests.ProductPageInfoTest" time="3.263"/>
  <testcase name="productHeaderTest" classname="com.qa.crm2.tests.ProductPageInfoTest" time="2.978"/>
  <testcase name="productHeaderTest" classname="com.qa.crm2.tests.ProductPageInfoTest" time="3.016"/>
  <testcase name="productImagesCountTest" classname="com.qa.crm2.tests.ProductPageInfoTest" time="2.712"/>
  <testcase name="productImagesCountTest" classname="com.qa.crm2.tests.ProductPageInfoTest" time="2.705"/>
  <testcase name="productImagesCountTest" classname="com.qa.crm2.tests.ProductPageInfoTest" time="2.937"/>
  <testcase name="productImagesCountTest" classname="com.qa.crm2.tests.ProductPageInfoTest" time="7.685"/>
  <testcase name="productImagesCountTest" classname="com.qa.crm2.tests.ProductPageInfoTest" time="4.997"/>
  <testcase name="productImagesCountTest" classname="com.qa.crm2.tests.ProductPageInfoTest" time="4.159"/>
  <testcase name="productImagesCountTest" classname="com.qa.crm2.tests.ProductPageInfoTest" time="3.334"/>
  <testcase name="productImagesCountTest" classname="com.qa.crm2.tests.ProductPageInfoTest" time="2.765"/>
  <testcase name="productImagesCountTest" classname="com.qa.crm2.tests.ProductPageInfoTest" time="3.193"/>
  <testcase name="productInfoTest" classname="com.qa.crm2.tests.ProductPageInfoTest" time="3.244"/>
</testsuite>